INFO 06:05:46:	 Restoring agents from training_data/gen_5_1700195465.pickle
INFO 06:05:46:	 Restored 10 agents from genetaion 5
INFO 06:05:46:	 ##############################
INFO 06:05:46:	         Generation: 6         
INFO 06:05:46:	 ##############################
INFO 06:05:46:	 Breeding agents...
INFO 06:05:46:	 Agents: 65

INFO 06:05:46:	 Adding random agents to fill array...

INFO 06:05:46:	 Playing games...
INFO 06:05:46:	 GEN6 ETA: 0h 0m 0s | Playing game 0/9900: 0 vs 1
INFO 06:05:46:	 Move: 0/64 | Blue Score: 0 | Red Score: 0
INFO 06:05:46:	 [A                             [A
INFO 06:05:46:	 Move: 1/64 | Blue Score: 0 | Red Score: 0
INFO 06:05:46:	 [A                             [A
INFO 06:05:46:	 Move: 2/64 | Blue Score: 0 | Red Score: 0
INFO 06:05:46:	 [A                             [A
INFO 06:05:46:	 Move: 3/64 | Blue Score: 0 | Red Score: 0
INFO 06:05:46:	 [A                             [A
INFO 06:05:46:	 Move: 4/64 | Blue Score: 0 | Red Score: 0
INFO 06:05:47:	 [A                             [A
INFO 06:05:47:	 Move: 5/64 | Blue Score: 0 | Red Score: 0
INFO 06:05:47:	 [A                             [A
INFO 06:05:47:	 Move: 6/64 | Blue Score: 0 | Red Score: 0
INFO 06:05:47:	 [A                             [A
INFO 06:05:47:	 Move: 7/64 | Blue Score: 0 | Red Score: 0
INFO 06:05:47:	 [A                             [A
INFO 06:05:47:	 Move: 8/64 | Blue Score: 0 | Red Score: 0
INFO 06:05:47:	 [A                             [A
INFO 06:05:47:	 Move: 9/64 | Blue Score: 0 | Red Score: 0
INFO 06:05:47:	 [A                             [A
INFO 06:05:47:	 Move: 10/64 | Blue Score: 0 | Red Score: 0
INFO 06:05:47:	 [A                             [A
INFO 06:05:47:	 Move: 11/64 | Blue Score: 0 | Red Score: 0
INFO 06:05:48:	 [A                             [A
INFO 06:05:48:	 Move: 12/64 | Blue Score: 0 | Red Score: 0
INFO 06:05:48:	 [A                             [A
INFO 06:05:48:	 Move: 13/64 | Blue Score: 9 | Red Score: 0
INFO 06:05:48:	 [A                             [A
INFO 06:05:48:	 Move: 14/64 | Blue Score: 9 | Red Score: 0
INFO 06:05:48:	 [A                             [A
INFO 06:05:48:	 Move: 15/64 | Blue Score: 9 | Red Score: 0
INFO 06:05:48:	 [A                             [A
INFO 06:05:48:	 Move: 16/64 | Blue Score: 9 | Red Score: 0
INFO 06:05:48:	 [A                             [A
INFO 06:05:48:	 Move: 17/64 | Blue Score: 9 | Red Score: 0
INFO 06:05:49:	 [A                             [A
INFO 06:05:49:	 Move: 18/64 | Blue Score: 9 | Red Score: 36
INFO 06:05:49:	 [A                             [A
INFO 06:05:49:	 Move: 19/64 | Blue Score: 73 | Red Score: 36
INFO 06:05:49:	 [A                             [A
INFO 06:05:49:	 Move: 20/64 | Blue Score: 73 | Red Score: 36
INFO 06:05:49:	 [A                             [A
INFO 06:05:49:	 Move: 21/64 | Blue Score: 122 | Red Score: 36
INFO 06:05:49:	 [A                             [A
INFO 06:05:49:	 Move: 22/64 | Blue Score: 122 | Red Score: 61
INFO 06:05:49:	 [A                             [A
INFO 06:05:49:	 Move: 23/64 | Blue Score: 158 | Red Score: 61
INFO 06:05:49:	 State: BLUE_WIN
INFO 06:05:49:	 GEN6 ETA: 8h 28m 21s | Playing game 1/9900: 0 vs 2
INFO 06:05:49:	 Move: 0/64 | Blue Score: 0 | Red Score: 0
INFO 06:05:49:	 [A                             [A
INFO 06:05:49:	 Move: 1/64 | Blue Score: 0 | Red Score: 0
INFO 06:05:49:	 [A                             [A
INFO 06:05:49:	 Move: 2/64 | Blue Score: 0 | Red Score: 0
INFO 06:05:49:	 [A                             [A
INFO 06:05:49:	 Move: 3/64 | Blue Score: 0 | Red Score: 0
INFO 06:05:50:	 [A                             [A
INFO 06:05:50:	 Move: 4/64 | Blue Score: 0 | Red Score: 0
INFO 06:05:50:	 [A                             [A
INFO 06:05:50:	 Move: 5/64 | Blue Score: 0 | Red Score: 0
INFO 06:05:50:	 [A                             [A
INFO 06:05:50:	 Move: 6/64 | Blue Score: 0 | Red Score: 0
